Summary of SPARK analysis
=========================

-------------------------------------------------------------------------------------------
SPARK Analysis results        Total      Flow   CodePeer     Provers   Justified   Unproved
-------------------------------------------------------------------------------------------
Data Dependencies                 .         .          .           .           .          .
Flow Dependencies                 .         .          .           .           .          .
Initialization                    .         .          .           .           .          .
Non-Aliasing                      .         .          .           .           .          .
Run-time Checks                   2         .          .    2 (CVC4)           .          .
Assertions                        1         .          .    1 (CVC4)           .          .
Functional Contracts              .         .          .           .           .          .
LSP Verification                  .         .          .           .           .          .
Termination                       .         .          .           .           .          .
Concurrency                       .         .          .           .           .          .
-------------------------------------------------------------------------------------------
Total                             3         .          .    3 (100%)           .          .


max steps used for successful proof: 1

Analyzed 1 unit
in unit main, 1 subprograms and packages out of 2 analyzed
  Main at main.adb:3 flow analyzed (0 errors, 0 checks, 2 warnings and 0 pragma Assume statements) and proved (3 checks)
  Main.Add at main.adb:5 skipped; body is SPARK_Mode => Off
